#
# A fatal error has been detected by the Java Runtime Environment:
#
#  EXCEPTION_STACK_OVERFLOW (0xc00000fd) at pc=0x0000000057d54d37, pid=8320, tid=0x00000000000010b8
#
# JRE version: Java(TM) SE Runtime Environment (8.0_191-b12) (build 1.8.0_191-b12)
# Java VM: Java HotSpot(TM) 64-Bit Server VM (25.191-b12 mixed mode windows-amd64 compressed oops)
# Problematic frame:
# V  [jvm.dll+0x214d37]
#
# Failed to write core dump. Minidumps are not enabled by default on client versions of Windows
#
# If you would like to submit a bug report, please visit:
#   http://bugreport.java.com/bugreport/crash.jsp
#

---------------  T H R E A D  ---------------

Current thread (0x0000000033a7f800):  JavaThread "Thread-36230545" [_thread_in_vm, id=4280, stack(0x00000000783f0000,0x00000000784f0000)]

siginfo: ExceptionCode=0xc00000fd, ExceptionInformation=0x0000000000000001 0x00000000784ea090 

Registers:
RAX=0x00000000784ea090, RBX=0x0000000000000006, RCX=0x0000000000005000, RDX=0x0000000000000006
RSP=0x00000000784ef090, RBP=0x0000000000000000, RSI=0x00000000784ef090, RDI=0x0000000000000006
R8 =0x0000000000000006, R9 =0x0000000019770a80, R10=0x000000001690c570, R11=0x00000000783fa148
R12=0x0000000019770a80, R13=0x0000000033a7f800, R14=0x00000000784ef158, R15=0x000000001690c570
RIP=0x0000000057d54d37, EFLAGS=0x0000000000010206

Top of Stack: (sp=0x00000000784ef090)
0x00000000784ef090:   00009857cc54bd16 0000000100006bd0
0x00000000784ef0a0:   0000000033a7f800 0000000019770a80
0x00000000784ef0b0:   00000000ffffffff 0000000057d55c67
0x00000000784ef0c0:   00000000784ef1c0 000000001690c570
0x00000000784ef0d0:   0000000033a7f800 0000000057c01213
0x00000000784ef0e0:   00000000784ef120 0000000033a7f800
0x00000000784ef0f0:   00000000784ef1b0 0000000033a7f800
0x00000000784ef100:   000000001690c570 0000000033a7f800
0x00000000784ef110:   00000000026f6e60 0000000033a7f800
0x00000000784ef120:   000000001690c570 0000000033a7f800
0x00000000784ef130:   000000001690c570 0000000033a7f800
0x00000000784ef140:   0000000000000001 000000001690c570
0x00000000784ef150:   0000000033a7f800 0000000018f9ed30
0x00000000784ef160:   0000000033a7f800 0000000057c0297d
0x00000000784ef170:   00000000784ef478 0000000100006bd0
0x00000000784ef180:   0000000100006bd0 00007ffd91441bae 

Instructions: (pc=0x0000000057d54d37)
0x0000000057d54d17:   48 89 6c 24 30 33 ed 66 90 e8 1b 4e 08 00 ff c3
0x0000000057d54d27:   48 63 c8 48 8b c6 48 0f af cf 48 ff c7 48 2b c1
0x0000000057d54d37:   89 28 48 63 c3 48 3b 05 65 8b 59 00 7e db 48 8b
0x0000000057d54d47:   6c 24 30 48 8b 5c 24 38 48 8b 74 24 40 48 83 c4 


Register to memory mapping:

RAX=0x00000000784ea090 is pointing into the stack for thread: 0x0000000033a7f800
RBX=0x0000000000000006 is an unknown value
RCX=0x0000000000005000 is an unknown value
RDX=0x0000000000000006 is an unknown value
RSP=0x00000000784ef090 is pointing into the stack for thread: 0x0000000033a7f800
RBP=0x0000000000000000 is an unknown value
RSI=0x00000000784ef090 is pointing into the stack for thread: 0x0000000033a7f800
RDI=0x0000000000000006 is an unknown value
R8 =0x0000000000000006 is an unknown value
R9 =0x0000000019770a80 is an unknown value
R10={method} {0x000000001690c578} 'run' '()V' in 'java/lang/Thread'
R11=0x00000000783fa148 is pointing into the stack for thread: 0x0000000033a7f800
R12=0x0000000019770a80 is an unknown value
R13=0x0000000033a7f800 is a thread
R14=0x00000000784ef158 is pointing into the stack for thread: 0x0000000033a7f800
R15={method} {0x000000001690c578} 'run' '()V' in 'java/lang/Thread'


Stack: [0x00000000783f0000,0x00000000784f0000],  sp=0x00000000784ef090,  free space=1020k
Native frames: (J=compiled Java code, j=interpreted, Vv=VM code, C=native code)


---------------  P R O C E S S  ---------------

Java Threads: ( => current thread )
=>0x0000000033a7f800 JavaThread "Thread-36230545" [_thread_in_vm, id=4280, stack(0x00000000783f0000,0x00000000784f0000)]
  0x0000000033a7e000 JavaThread "DestroyJavaVM" [_thread_blocked, id=10000, stack(0x00000000023e0000,0x00000000024e0000)]
  0x0000000019519800 JavaThread "Thread-1472" daemon [_thread_blocked, id=1768, stack(0x0000000033640000,0x0000000033740000)]
  0x0000000019517800 JavaThread "Prism Font Disposer" daemon [_thread_blocked, id=10320, stack(0x000000002bbd0000,0x000000002bcd0000)]
  0x000000001951d800 JavaThread "Media Resource Disposer" daemon [_thread_blocked, id=1876, stack(0x000000002a6d0000,0x000000002a7d0000)]
  0x00000000193d2800 JavaThread "Thread-3" daemon [_thread_in_native, id=9344, stack(0x00000000247c0000,0x00000000248c0000)]
  0x0000000018fd5000 JavaThread "Thread-1" daemon [_thread_blocked, id=10756, stack(0x000000001a3a0000,0x000000001a4a0000)]
  0x00000000172dd800 JavaThread "Service Thread" daemon [_thread_blocked, id=2276, stack(0x0000000018fe0000,0x00000000190e0000)]
  0x00000000172d4800 JavaThread "C1 CompilerThread2" daemon [_thread_blocked, id=6288, stack(0x0000000018ae0000,0x0000000018be0000)]
  0x00000000172d0000 JavaThread "C2 CompilerThread1" daemon [_thread_blocked, id=9272, stack(0x00000000189e0000,0x0000000018ae0000)]
  0x00000000172ca800 JavaThread "C2 CompilerThread0" daemon [_thread_blocked, id=11900, stack(0x00000000188e0000,0x00000000189e0000)]
  0x00000000172c9000 JavaThread "Attach Listener" daemon [_thread_blocked, id=8776, stack(0x00000000187e0000,0x00000000188e0000)]
  0x00000000172c8800 JavaThread "Signal Dispatcher" daemon [_thread_blocked, id=1164, stack(0x00000000186e0000,0x00000000187e0000)]
  0x000000001726a800 JavaThread "Finalizer" daemon [_thread_blocked, id=5620, stack(0x00000000184f0000,0x00000000185f0000)]
  0x00000000026a2800 JavaThread "Reference Handler" daemon [_thread_blocked, id=7208, stack(0x00000000183f0000,0x00000000184f0000)]

Other Threads:
  0x0000000017248800 VMThread [stack: 0x00000000182f0000,0x00000000183f0000] [id=10896]
  0x0000000018c6f000 WatcherThread [stack: 0x00000000190e0000,0x00000000191e0000] [id=2424]

VM state:not at safepoint (normal execution)

VM Mutex/Monitor currently owned by a thread: None

Heap:
 PSYoungGen      total 695808K, used 236438K [0x00000000d5800000, 0x0000000100000000, 0x0000000100000000)
  eden space 695296K, 34% used [0x00000000d5800000,0x00000000e3eddb30,0x00000000fff00000)
  from space 512K, 6% used [0x00000000fff00000,0x00000000fff08000,0x00000000fff80000)
  to   space 512K, 0% used [0x00000000fff80000,0x00000000fff80000,0x0000000100000000)
 ParOldGen       total 632832K, used 431961K [0x0000000080800000, 0x00000000a7200000, 0x00000000d5800000)
  object space 632832K, 68% used [0x0000000080800000,0x000000009add6500,0x00000000a7200000)
 Metaspace       used 18090K, capacity 18976K, committed 19328K, reserved 1064960K
  class space    used 2607K, capacity 2817K, committed 2944K, reserved 1048576K

Card table byte_map: [0x0000000011a70000,0x0000000011e70000] byte_map_base: 0x000000001166c000

Marking Bits: (ParMarkBitMap*) 0x0000000058363e30
 Begin Bits: [0x0000000012520000, 0x0000000014500000)
 End Bits:   [0x0000000014500000, 0x00000000164e0000)

Polling page: 0x0000000002300000

CodeCache: size=245760Kb used=8375Kb max_used=8403Kb free=237384Kb
 bounds [0x00000000026b0000, 0x0000000002f00000, 0x00000000116b0000]
 total_blobs=3344 nmethods=2646 adapters=610
 compilation: enabled

Compilation events (10 events):
Event: 47.252 Thread 0x00000000172d4800 2920       3       javafx.scene.Parent::childIncluded (12 bytes)
Event: 47.252 Thread 0x00000000172d4800 nmethod 2920 0x00000000028a5510 code [0x00000000028a5680, 0x00000000028a5828]
Event: 47.544 Thread 0x00000000172d0000 2922       4       javafx.scene.Node$5::invalidated (69 bytes)
Event: 47.564 Thread 0x00000000172d0000 nmethod 2922 0x0000000002ef3790 code [0x0000000002ef39c0, 0x0000000002ef4a10]
Event: 50.756 Thread 0x00000000172ca800 2923   !   4       customer.Customer::lambda$0 (62 bytes)
Event: 50.762 Thread 0x00000000172ca800 nmethod 2923 0x0000000002a8a6d0 code [0x0000000002a8a8c0, 0x0000000002a8ae00]
Event: 52.260 Thread 0x00000000172d4800 2924       3       javafx.scene.Node$5::invalidated (69 bytes)
Event: 52.262 Thread 0x00000000172d4800 nmethod 2924 0x0000000002ac7750 code [0x0000000002ac7a00, 0x0000000002ac8f68]
Event: 52.517 Thread 0x00000000172d0000 2925       4       javafx.scene.Node$5::invalidated (69 bytes)
Event: 52.537 Thread 0x00000000172d0000 nmethod 2925 0x0000000002ef5a50 code [0x0000000002ef5c80, 0x0000000002ef6cf0]

GC Heap History (10 events):
Event: 14663.399 GC heap before
{Heap before GC invocations=580691 (full 6):
 PSYoungGen      total 695808K, used 695328K [0x00000000d5800000, 0x0000000100000000, 0x0000000100000000)
  eden space 695296K, 100% used [0x00000000d5800000,0x00000000fff00000,0x00000000fff00000)
  from space 512K, 6% used [0x00000000fff80000,0x00000000fff88000,0x0000000100000000)
  to   space 512K, 0% used [0x00000000fff00000,0x00000000fff00000,0x00000000fff80000)
 ParOldGen       total 632832K, used 431961K [0x0000000080800000, 0x00000000a7200000, 0x00000000d5800000)
  object space 632832K, 68% used [0x0000000080800000,0x000000009add6500,0x00000000a7200000)
 Metaspace       used 18090K, capacity 18976K, committed 19328K, reserved 1064960K
  class space    used 2607K, capacity 2817K, committed 2944K, reserved 1048576K
Event: 14663.442 GC heap after
Heap after GC invocations=580691 (full 6):
 PSYoungGen      total 695808K, used 64K [0x00000000d5800000, 0x0000000100000000, 0x0000000100000000)
  eden space 695296K, 0% used [0x00000000d5800000,0x00000000d5800000,0x00000000fff00000)
  from space 512K, 12% used [0x00000000fff00000,0x00000000fff10000,0x00000000fff80000)
  to   space 512K, 0% used [0x00000000fff80000,0x00000000fff80000,0x0000000100000000)
 ParOldGen       total 632832K, used 431961K [0x0000000080800000, 0x00000000a7200000, 0x00000000d5800000)
  object space 632832K, 68% used [0x0000000080800000,0x000000009add6500,0x00000000a7200000)
 Metaspace       used 18090K, capacity 18976K, committed 19328K, reserved 1064960K
  class space    used 2607K, capacity 2817K, committed 2944K, reserved 1048576K
}
Event: 14663.455 GC heap before
{Heap before GC invocations=580692 (full 6):
 PSYoungGen      total 695808K, used 695360K [0x00000000d5800000, 0x0000000100000000, 0x0000000100000000)
  eden space 695296K, 100% used [0x00000000d5800000,0x00000000fff00000,0x00000000fff00000)
  from space 512K, 12% used [0x00000000fff00000,0x00000000fff10000,0x00000000fff80000)
  to   space 512K, 0% used [0x00000000fff80000,0x00000000fff80000,0x0000000100000000)
 ParOldGen       total 632832K, used 431961K [0x0000000080800000, 0x00000000a7200000, 0x00000000d5800000)
  object space 632832K, 68% used [0x0000000080800000,0x000000009add6500,0x00000000a7200000)
 Metaspace       used 18090K, capacity 18976K, committed 19328K, reserved 1064960K
  class space    used 2607K, capacity 2817K, committed 2944K, reserved 1048576K
Event: 14663.501 GC heap after
Heap after GC invocations=580692 (full 6):
 PSYoungGen      total 695808K, used 32K [0x00000000d5800000, 0x0000000100000000, 0x0000000100000000)
  eden space 695296K, 0% used [0x00000000d5800000,0x00000000d5800000,0x00000000fff00000)
  from space 512K, 6% used [0x00000000fff80000,0x00000000fff88000,0x0000000100000000)
  to   space 512K, 0% used [0x00000000fff00000,0x00000000fff00000,0x00000000fff80000)
 ParOldGen       total 632832K, used 431961K [0x0000000080800000, 0x00000000a7200000, 0x00000000d5800000)
  object space 632832K, 68% used [0x0000000080800000,0x000000009add6500,0x00000000a7200000)
 Metaspace       used 18090K, capacity 18976K, committed 19328K, reserved 1064960K
  class space    used 2607K, capacity 2817K, committed 2944K, reserved 1048576K
}
Event: 14663.516 GC heap before
{Heap before GC invocations=580693 (full 6):
 PSYoungGen      total 695808K, used 695328K [0x00000000d5800000, 0x0000000100000000, 0x0000000100000000)
  eden space 695296K, 100% used [0x00000000d5800000,0x00000000fff00000,0x00000000fff00000)
  from space 512K, 6% used [0x00000000fff80000,0x00000000fff88000,0x0000000100000000)
  to   space 512K, 0% used [0x00000000fff00000,0x00000000fff00000,0x00000000fff80000)
 ParOldGen       total 632832K, used 431961K [0x0000000080800000, 0x00000000a7200000, 0x00000000d5800000)
  object space 632832K, 68% used [0x0000000080800000,0x000000009add6500,0x00000000a7200000)
 Metaspace       used 18090K, capacity 18976K, committed 19328K, reserved 1064960K
  class space    used 2607K, capacity 2817K, committed 2944K, reserved 1048576K
Event: 14663.601 GC heap after
Heap after GC invocations=580693 (full 6):
 PSYoungGen      total 695808K, used 32K [0x00000000d5800000, 0x0000000100000000, 0x0000000100000000)
  eden space 695296K, 0% used [0x00000000d5800000,0x00000000d5800000,0x00000000fff00000)
  from space 512K, 6% used [0x00000000fff00000,0x00000000fff08000,0x00000000fff80000)
  to   space 512K, 0% used [0x00000000fff80000,0x00000000fff80000,0x0000000100000000)
 ParOldGen       total 632832K, used 431961K [0x0000000080800000, 0x00000000a7200000, 0x00000000d5800000)
  object space 632832K, 68% used [0x0000000080800000,0x000000009add6500,0x00000000a7200000)
 Metaspace       used 18090K, capacity 18976K, committed 19328K, reserved 1064960K
  class space    used 2607K, capacity 2817K, committed 2944K, reserved 1048576K
}
Event: 14663.614 GC heap before
{Heap before GC invocations=580694 (full 6):
 PSYoungGen      total 695808K, used 695328K [0x00000000d5800000, 0x0000000100000000, 0x0000000100000000)
  eden space 695296K, 100% used [0x00000000d5800000,0x00000000fff00000,0x00000000fff00000)
  from space 512K, 6% used [0x00000000fff00000,0x00000000fff08000,0x00000000fff80000)
  to   space 512K, 0% used [0x00000000fff80000,0x00000000fff80000,0x0000000100000000)
 ParOldGen       total 632832K, used 431961K [0x0000000080800000, 0x00000000a7200000, 0x00000000d5800000)
  object space 632832K, 68% used [0x0000000080800000,0x000000009add6500,0x00000000a7200000)
 Metaspace       used 18090K, capacity 18976K, committed 19328K, reserved 1064960K
  class space    used 2607K, capacity 2817K, committed 2944K, reserved 1048576K
Event: 14663.660 GC heap after
Heap after GC invocations=580694 (full 6):
 PSYoungGen      total 695808K, used 32K [0x00000000d5800000, 0x0000000100000000, 0x0000000100000000)
  eden space 695296K, 0% used [0x00000000d5800000,0x00000000d5800000,0x00000000fff00000)
  from space 512K, 6% used [0x00000000fff80000,0x00000000fff88000,0x0000000100000000)
  to   space 512K, 0% used [0x00000000fff00000,0x00000000fff00000,0x00000000fff80000)
 ParOldGen       total 632832K, used 431961K [0x0000000080800000, 0x00000000a7200000, 0x00000000d5800000)
  object space 632832K, 68% used [0x0000000080800000,0x000000009add6500,0x00000000a7200000)
 Metaspace       used 18090K, capacity 18976K, committed 19328K, reserved 1064960K
  class space    used 2607K, capacity 2817K, committed 2944K, reserved 1048576K
}
Event: 14663.675 GC heap before
{Heap before GC invocations=580695 (full 6):
 PSYoungGen      total 695808K, used 695328K [0x00000000d5800000, 0x0000000100000000, 0x0000000100000000)
  eden space 695296K, 100% used [0x00000000d5800000,0x00000000fff00000,0x00000000fff00000)
  from space 512K, 6% used [0x00000000fff80000,0x00000000fff88000,0x0000000100000000)
  to   space 512K, 0% used [0x00000000fff00000,0x00000000fff00000,0x00000000fff80000)
 ParOldGen       total 632832K, used 431961K [0x0000000080800000, 0x00000000a7200000, 0x00000000d5800000)
  object space 632832K, 68% used [0x0000000080800000,0x000000009add6500,0x00000000a7200000)
 Metaspace       used 18090K, capacity 18976K, committed 19328K, reserved 1064960K
  class space    used 2607K, capacity 2817K, committed 2944K, reserved 1048576K
Event: 14663.724 GC heap after
Heap after GC invocations=580695 (full 6):
 PSYoungGen      total 695808K, used 32K [0x00000000d5800000, 0x0000000100000000, 0x0000000100000000)
  eden space 695296K, 0% used [0x00000000d5800000,0x00000000d5800000,0x00000000fff00000)
  from space 512K, 6% used [0x00000000fff00000,0x00000000fff08000,0x00000000fff80000)
  to   space 512K, 0% used [0x00000000fff80000,0x00000000fff80000,0x0000000100000000)
 ParOldGen       total 632832K, used 431961K [0x0000000080800000, 0x00000000a7200000, 0x00000000d5800000)
  object space 632832K, 68% used [0x0000000080800000,0x000000009add6500,0x00000000a7200000)
 Metaspace       used 18090K, capacity 18976K, committed 19328K, reserved 1064960K
  class space    used 2607K, capacity 2817K, committed 2944K, reserved 1048576K
}

Deoptimization events (10 events):
Event: 16.704 Thread 0x000000001984a000 Uncommon trap: reason=unstable_if action=reinterpret pc=0x00000000027ce78c method=java.security.AccessControlContext.optimize()Ljava/security/AccessControlContext; @ 233
Event: 22.715 Thread 0x0000000018fd8800 Uncommon trap: reason=unstable_if action=reinterpret pc=0x0000000002de2ea0 method=javafx.scene.Node.updateBounds()V @ 47
Event: 25.298 Thread 0x0000000018fd8800 Uncommon trap: reason=null_check action=make_not_entrant pc=0x0000000002d91094 method=javafx.scene.Node$MiscProperties.getClip()Ljavafx/scene/Node; @ 20
Event: 25.298 Thread 0x0000000018fd8800 Uncommon trap: reason=null_check action=make_not_entrant pc=0x0000000002a95c88 method=javafx.scene.Node$MiscProperties.getClip()Ljavafx/scene/Node; @ 20
Event: 30.806 Thread 0x0000000018fd8800 Uncommon trap: reason=unstable_if action=reinterpret pc=0x0000000002e8b704 method=javafx.scene.Node.updateBounds()V @ 70
Event: 30.806 Thread 0x0000000018fd8800 Uncommon trap: reason=unstable_if action=reinterpret pc=0x0000000002e8b704 method=javafx.scene.Node.updateBounds()V @ 70
Event: 43.164 Thread 0x000000001984a000 Uncommon trap: reason=unstable_if action=reinterpret pc=0x0000000002cbb664 method=java.lang.Integer.getChars(II[C)V @ 20
Event: 43.164 Thread 0x0000000019847000 Uncommon trap: reason=unstable_if action=reinterpret pc=0x0000000002cb0464 method=java.lang.Integer.getChars(II[C)V @ 20
Event: 47.249 Thread 0x0000000019848800 Uncommon trap: reason=unstable_if action=reinterpret pc=0x0000000002ef20d8 method=javafx.scene.Parent.childExcluded(Ljavafx/scene/Node;)V @ 5
Event: 52.260 Thread 0x0000000019519000 Uncommon trap: reason=unstable_if action=reinterpret pc=0x0000000002ef48f0 method=javafx.scene.Node$5.invalidated()V @ 43

Classes redefined (0 events):
No events

Internal exceptions (10 events):
Event: 0.844 Thread 0x0000000018fd8800 Implicit null exception at 0x00000000029e4175 to 0x00000000029e4385
Event: 22.711 Thread 0x0000000019847000 Exception <a 'java/lang/InterruptedException': sleep interrupted> (0x00000000dd2f6938) thrown at [C:\re\workspace\8-2-build-windows-amd64-cygwin\jdk8u191\11896\hotspot\src\share\vm\prims\jvm.cpp, line 3225]
Event: 25.298 Thread 0x0000000018fd8800 Implicit null exception at 0x0000000002d90d54 to 0x0000000002d91089
Event: 25.298 Thread 0x0000000018fd8800 Implicit null exception at 0x0000000002a95c44 to 0x0000000002a95c7e
Event: 32.907 Thread 0x0000000018fd8800 Exception <a 'java/lang/NullPointerException'> (0x00000000eb7e8820) thrown at [C:\re\workspace\8-2-build-windows-amd64-cygwin\jdk8u191\11896\hotspot\src\share\vm\interpreter\linkResolver.cpp, line 1185]
Event: 32.907 Thread 0x0000000018fd8800 Exception <a 'java/lang/NullPointerException'> (0x00000000eb7e8820) thrown at [C:\re\workspace\8-2-build-windows-amd64-cygwin\jdk8u191\11896\hotspot\src\share\vm\prims\jvm.cpp, line 1439]
Event: 52.260 Thread 0x0000000019519000 Implicit null exception at 0x0000000002ef3aa9 to 0x0000000002ef48e5
Event: 14663.726 Thread 0x0000000019516800 Exception <a 'java/lang/OutOfMemoryError': unable to create new native thread> (0x00000000d7329548) thrown at [C:\re\workspace\8-2-build-windows-amd64-cygwin\jdk8u191\11896\hotspot\src\share\vm\prims\jvm.cpp, line 3078]
Event: 14663.729 Thread 0x0000000019816800 Exception <a 'java/lang/OutOfMemoryError': unable to create new native thread> (0x00000000d5800470) thrown at [C:\re\workspace\8-2-build-windows-amd64-cygwin\jdk8u191\11896\hotspot\src\share\vm\prims\jvm.cpp, line 3078]
Event: 14663.730 Thread 0x0000000019828000 Exception <a 'java/lang/OutOfMemoryError': unable to create new native thread> (0x00000000d80bde68) thrown at [C:\re\workspace\8-2-build-windows-amd64-cygwin\jdk8u191\11896\hotspot\src\share\vm\prims\jvm.cpp, line 3078]

Events (10 events):
Event: 14663.736 Thread 0x0000000033a7c800 Thread added: 0x0000000033a7c800
Event: 14663.736 Thread 0x0000000033a7f000 Thread exited: 0x0000000033a7f000
Event: 14663.738 Thread 0x000000001951b000 Thread added: 0x000000001951b000
Event: 14663.738 Thread 0x0000000033a7c800 Thread exited: 0x0000000033a7c800
Event: 14663.740 Thread 0x0000000033a7f000 Thread added: 0x0000000033a7f000
Event: 14663.740 Thread 0x000000001951b000 Thread exited: 0x000000001951b000
Event: 14663.757 Thread 0x0000000019828000 Thread added: 0x0000000019828000
Event: 14663.757 Thread 0x0000000033a7f000 Thread exited: 0x0000000033a7f000
Event: 14663.759 Thread 0x0000000033a7f800 Thread added: 0x0000000033a7f800
Event: 14663.759 Thread 0x0000000019828000 Thread exited: 0x0000000019828000


Dynamic libraries:
0x00007ff7dfef0000 - 0x00007ff7dff27000 	C:\Program Files\Java\jre1.8.0_191\bin\javaw.exe
0x00007ffd91410000 - 0x00007ffd915f1000 	C:\WINDOWS\SYSTEM32\ntdll.dll
0x00007ffd90600000 - 0x00007ffd906b2000 	C:\WINDOWS\System32\KERNEL32.DLL
0x00007ffd8e5c0000 - 0x00007ffd8e833000 	C:\WINDOWS\System32\KERNELBASE.dll
0x00007ffd90150000 - 0x00007ffd901f1000 	C:\WINDOWS\System32\ADVAPI32.dll
0x00007ffd908e0000 - 0x00007ffd9097e000 	C:\WINDOWS\System32\msvcrt.dll
0x00007ffd8ff60000 - 0x00007ffd8ffbb000 	C:\WINDOWS\System32\sechost.dll
0x00007ffd907b0000 - 0x00007ffd908d4000 	C:\WINDOWS\System32\RPCRT4.dll
0x00007ffd90980000 - 0x00007ffd90b10000 	C:\WINDOWS\System32\USER32.dll
0x00007ffd8d7e0000 - 0x00007ffd8d800000 	C:\WINDOWS\System32\win32u.dll
0x00007ffd8ff30000 - 0x00007ffd8ff58000 	C:\WINDOWS\System32\GDI32.dll
0x00007ffd8d900000 - 0x00007ffd8da92000 	C:\WINDOWS\System32\gdi32full.dll
0x00007ffd8e470000 - 0x00007ffd8e50f000 	C:\WINDOWS\System32\msvcp_win.dll
0x00007ffd8d800000 - 0x00007ffd8d8fa000 	C:\WINDOWS\System32\ucrtbase.dll
0x00007ffd85a80000 - 0x00007ffd85ce9000 	C:\WINDOWS\WinSxS\amd64_microsoft.windows.common-controls_6595b64144ccf1df_6.0.17134.407_none_fb449d63306391e9\COMCTL32.dll
0x00007ffd902d0000 - 0x00007ffd905f2000 	C:\WINDOWS\System32\combase.dll
0x00007ffd8daa0000 - 0x00007ffd8db1a000 	C:\WINDOWS\System32\bcryptPrimitives.dll
0x00007ffd8fce0000 - 0x00007ffd8fd0d000 	C:\WINDOWS\System32\IMM32.DLL
0x0000000057970000 - 0x0000000057a42000 	C:\Program Files\Java\jre1.8.0_191\bin\msvcr100.dll
0x0000000057b40000 - 0x00000000583e4000 	C:\Program Files\Java\jre1.8.0_191\bin\server\jvm.dll
0x00007ffd8fd10000 - 0x00007ffd8fd18000 	C:\WINDOWS\System32\PSAPI.DLL
0x00007ffd7a4b0000 - 0x00007ffd7a4b9000 	C:\WINDOWS\SYSTEM32\WSOCK32.dll
0x00007ffd8b420000 - 0x00007ffd8b443000 	C:\WINDOWS\SYSTEM32\WINMM.dll
0x00007ffd88ff0000 - 0x00007ffd88ffa000 	C:\WINDOWS\SYSTEM32\VERSION.dll
0x00007ffd90e10000 - 0x00007ffd90e7c000 	C:\WINDOWS\System32\WS2_32.dll
0x00007ffd8aac0000 - 0x00007ffd8aaea000 	C:\WINDOWS\SYSTEM32\winmmbase.dll
0x00007ffd8e230000 - 0x00007ffd8e279000 	C:\WINDOWS\System32\cfgmgr32.dll
0x0000000057b30000 - 0x0000000057b3f000 	C:\Program Files\Java\jre1.8.0_191\bin\verify.dll
0x0000000057b00000 - 0x0000000057b29000 	C:\Program Files\Java\jre1.8.0_191\bin\java.dll
0x0000000057ae0000 - 0x0000000057af6000 	C:\Program Files\Java\jre1.8.0_191\bin\zip.dll
0x00007ffd8e8a0000 - 0x00007ffd8fcdf000 	C:\WINDOWS\System32\SHELL32.dll
0x00007ffd90ee0000 - 0x00007ffd90f89000 	C:\WINDOWS\System32\shcore.dll
0x00007ffd8db20000 - 0x00007ffd8e22d000 	C:\WINDOWS\System32\windows.storage.dll
0x00007ffd90e80000 - 0x00007ffd90ed1000 	C:\WINDOWS\System32\shlwapi.dll
0x00007ffd8d730000 - 0x00007ffd8d741000 	C:\WINDOWS\System32\kernel.appcore.dll
0x00007ffd8d7c0000 - 0x00007ffd8d7df000 	C:\WINDOWS\System32\profapi.dll
0x00007ffd8d770000 - 0x00007ffd8d7bc000 	C:\WINDOWS\System32\powrprof.dll
0x00007ffd8d720000 - 0x00007ffd8d72a000 	C:\WINDOWS\System32\FLTLIB.DLL
0x0000000002390000 - 0x0000000002393000 	C:\Program Files\Java\jre1.8.0_191\bin\api-ms-win-core-console-l1-1-0.dll
0x00000000023a0000 - 0x00000000023a3000 	C:\Program Files\Java\jre1.8.0_191\bin\api-ms-win-core-datetime-l1-1-0.dll
0x00000000023b0000 - 0x00000000023b3000 	C:\Program Files\Java\jre1.8.0_191\bin\api-ms-win-core-debug-l1-1-0.dll
0x00000000023c0000 - 0x00000000023c3000 	C:\Program Files\Java\jre1.8.0_191\bin\api-ms-win-core-errorhandling-l1-1-0.dll
0x00000000024e0000 - 0x00000000024e4000 	C:\Program Files\Java\jre1.8.0_191\bin\api-ms-win-core-file-l1-1-0.dll
0x00000000024f0000 - 0x00000000024f3000 	C:\Program Files\Java\jre1.8.0_191\bin\api-ms-win-core-file-l1-2-0.dll
0x0000000002500000 - 0x0000000002503000 	C:\Program Files\Java\jre1.8.0_191\bin\api-ms-win-core-file-l2-1-0.dll
0x0000000002510000 - 0x0000000002513000 	C:\Program Files\Java\jre1.8.0_191\bin\api-ms-win-core-handle-l1-1-0.dll
0x0000000002520000 - 0x0000000002523000 	C:\Program Files\Java\jre1.8.0_191\bin\api-ms-win-core-heap-l1-1-0.dll
0x0000000002530000 - 0x0000000002533000 	C:\Program Files\Java\jre1.8.0_191\bin\api-ms-win-core-interlocked-l1-1-0.dll
0x0000000002540000 - 0x0000000002543000 	C:\Program Files\Java\jre1.8.0_191\bin\api-ms-win-core-libraryloader-l1-1-0.dll
0x0000000002550000 - 0x0000000002553000 	C:\Program Files\Java\jre1.8.0_191\bin\api-ms-win-core-localization-l1-2-0.dll
0x0000000002560000 - 0x0000000002563000 	C:\Program Files\Java\jre1.8.0_191\bin\api-ms-win-core-memory-l1-1-0.dll
0x0000000002570000 - 0x0000000002573000 	C:\Program Files\Java\jre1.8.0_191\bin\api-ms-win-core-namedpipe-l1-1-0.dll
0x0000000002580000 - 0x0000000002583000 	C:\Program Files\Java\jre1.8.0_191\bin\api-ms-win-core-processenvironment-l1-1-0.dll
0x0000000002590000 - 0x0000000002593000 	C:\Program Files\Java\jre1.8.0_191\bin\api-ms-win-core-processthreads-l1-1-0.dll
0x00000000191e0000 - 0x00000000191e3000 	C:\Program Files\Java\jre1.8.0_191\bin\api-ms-win-core-processthreads-l1-1-1.dll
0x00000000191f0000 - 0x00000000191f3000 	C:\Program Files\Java\jre1.8.0_191\bin\api-ms-win-core-profile-l1-1-0.dll
0x0000000019200000 - 0x0000000019203000 	C:\Program Files\Java\jre1.8.0_191\bin\api-ms-win-core-rtlsupport-l1-1-0.dll
0x0000000019210000 - 0x0000000019213000 	C:\Program Files\Java\jre1.8.0_191\bin\api-ms-win-core-string-l1-1-0.dll
0x0000000019220000 - 0x0000000019223000 	C:\Program Files\Java\jre1.8.0_191\bin\api-ms-win-core-synch-l1-1-0.dll
0x0000000019230000 - 0x0000000019233000 	C:\Program Files\Java\jre1.8.0_191\bin\api-ms-win-core-synch-l1-2-0.dll
0x0000000019240000 - 0x0000000019243000 	C:\Program Files\Java\jre1.8.0_191\bin\api-ms-win-core-sysinfo-l1-1-0.dll
0x0000000019250000 - 0x0000000019253000 	C:\Program Files\Java\jre1.8.0_191\bin\api-ms-win-core-timezone-l1-1-0.dll
0x0000000019260000 - 0x0000000019263000 	C:\Program Files\Java\jre1.8.0_191\bin\api-ms-win-core-util-l1-1-0.dll
0x0000000019270000 - 0x0000000019273000 	C:\Program Files\Java\jre1.8.0_191\bin\api-ms-win-crt-conio-l1-1-0.dll
0x0000000019280000 - 0x0000000019284000 	C:\Program Files\Java\jre1.8.0_191\bin\api-ms-win-crt-convert-l1-1-0.dll
0x0000000019290000 - 0x0000000019293000 	C:\Program Files\Java\jre1.8.0_191\bin\api-ms-win-crt-environment-l1-1-0.dll
0x00000000192a0000 - 0x00000000192a3000 	C:\Program Files\Java\jre1.8.0_191\bin\api-ms-win-crt-filesystem-l1-1-0.dll
0x00000000192b0000 - 0x00000000192b3000 	C:\Program Files\Java\jre1.8.0_191\bin\api-ms-win-crt-heap-l1-1-0.dll
0x00000000192c0000 - 0x00000000192c3000 	C:\Program Files\Java\jre1.8.0_191\bin\api-ms-win-crt-locale-l1-1-0.dll
0x00000000192d0000 - 0x00000000192d5000 	C:\Program Files\Java\jre1.8.0_191\bin\api-ms-win-crt-math-l1-1-0.dll
0x00000000192e0000 - 0x00000000192e5000 	C:\Program Files\Java\jre1.8.0_191\bin\api-ms-win-crt-multibyte-l1-1-0.dll
0x00000000192f0000 - 0x0000000019300000 	C:\Program Files\Java\jre1.8.0_191\bin\api-ms-win-crt-private-l1-1-0.dll
0x0000000019300000 - 0x0000000019303000 	C:\Program Files\Java\jre1.8.0_191\bin\api-ms-win-crt-process-l1-1-0.dll
0x0000000019310000 - 0x0000000019314000 	C:\Program Files\Java\jre1.8.0_191\bin\api-ms-win-crt-runtime-l1-1-0.dll
0x0000000019320000 - 0x0000000019324000 	C:\Program Files\Java\jre1.8.0_191\bin\api-ms-win-crt-stdio-l1-1-0.dll
0x0000000019330000 - 0x0000000019334000 	C:\Program Files\Java\jre1.8.0_191\bin\api-ms-win-crt-string-l1-1-0.dll
0x0000000019340000 - 0x0000000019343000 	C:\Program Files\Java\jre1.8.0_191\bin\api-ms-win-crt-time-l1-1-0.dll
0x0000000019350000 - 0x0000000019353000 	C:\Program Files\Java\jre1.8.0_191\bin\api-ms-win-crt-utility-l1-1-0.dll
0x00007ffd72960000 - 0x00007ffd72a56000 	C:\Program Files\Java\jre1.8.0_191\bin\ucrtbase.dll
0x00007ffd88850000 - 0x00007ffd88866000 	C:\Program Files\Java\jre1.8.0_191\bin\vcruntime140.dll
0x00007ffd728c0000 - 0x00007ffd7295c000 	C:\Program Files\Java\jre1.8.0_191\bin\msvcp140.dll
0x00007ffd72860000 - 0x00007ffd728b1000 	C:\Program Files\Java\jre1.8.0_191\bin\concrt140.dll
0x0000000057940000 - 0x0000000057963000 	C:\Program Files\Java\jre1.8.0_191\bin\prism_d3d.dll
0x00007ffd58760000 - 0x00007ffd588f7000 	C:\WINDOWS\system32\d3d9.dll
0x00007ffd8beb0000 - 0x00007ffd8bed9000 	C:\WINDOWS\SYSTEM32\dwmapi.dll
0x00007ffd8bde0000 - 0x00007ffd8be78000 	C:\WINDOWS\system32\uxtheme.dll
0x00007ffd8d0f0000 - 0x00007ffd8d107000 	C:\WINDOWS\SYSTEM32\CRYPTSP.dll
0x00007ffd8cb20000 - 0x00007ffd8cb53000 	C:\WINDOWS\system32\rsaenh.dll
0x00007ffd8d220000 - 0x00007ffd8d245000 	C:\WINDOWS\SYSTEM32\bcrypt.dll
0x00007ffd8d110000 - 0x00007ffd8d11b000 	C:\WINDOWS\SYSTEM32\CRYPTBASE.dll
0x00007ffd7f140000 - 0x00007ffd7f3a6000 	C:\WINDOWS\system32\nvspcap64.dll
0x00007ffd90cb0000 - 0x00007ffd90e01000 	C:\WINDOWS\System32\ole32.dll
0x00007ffd90200000 - 0x00007ffd902c2000 	C:\WINDOWS\System32\OLEAUT32.dll
0x00007ffd8c810000 - 0x00007ffd8c841000 	C:\WINDOWS\SYSTEM32\ntmarta.dll
0x00000000578f0000 - 0x0000000057939000 	C:\Program Files\Java\jre1.8.0_191\bin\glass.dll
0x00007ffd906c0000 - 0x00007ffd907ad000 	C:\WINDOWS\System32\COMDLG32.dll
0x00007ffd8ffd0000 - 0x00007ffd90143000 	C:\WINDOWS\System32\MSCTF.dll
0x00007ffd6d7a0000 - 0x00007ffd6d81f000 	C:\Program Files (x86)\TeamViewer\tv_x64.dll
0x0000000057840000 - 0x00000000578e3000 	C:\Program Files\Java\jre1.8.0_191\bin\glib-lite.dll
0x0000000057760000 - 0x0000000057840000 	C:\Program Files\Java\jre1.8.0_191\bin\gstreamer-lite.dll
0x00007ffd65320000 - 0x00007ffd653af000 	C:\WINDOWS\SYSTEM32\DSOUND.dll
0x0000000057730000 - 0x0000000057757000 	C:\Program Files\Java\jre1.8.0_191\bin\jfxmedia.dll
0x0000000057ac0000 - 0x0000000057ada000 	C:\Program Files\Java\jre1.8.0_191\bin\net.dll
0x00007ffd8cf40000 - 0x00007ffd8cfa6000 	C:\WINDOWS\system32\mswsock.dll
0x0000000057aa0000 - 0x0000000057ab1000 	C:\Program Files\Java\jre1.8.0_191\bin\nio.dll
0x00007ffd90c10000 - 0x00007ffd90cb0000 	C:\WINDOWS\System32\clbcatq.dll
0x00007ffd89b20000 - 0x00007ffd89cd4000 	C:\WINDOWS\system32\propsys.dll
0x00000000576f0000 - 0x0000000057721000 	C:\Program Files\Java\jre1.8.0_191\bin\fxplugins.dll
0x00007ffd6e830000 - 0x00007ffd6ea0b000 	C:\Windows\System32\MFPlat.DLL
0x00007ffd7e0e0000 - 0x00007ffd7e10e000 	C:\Windows\System32\RTWorkQ.DLL
0x00007ffd7e050000 - 0x00007ffd7e0c6000 	C:\WINDOWS\System32\MMDevApi.dll
0x00007ffd8d530000 - 0x00007ffd8d557000 	C:\WINDOWS\System32\DEVOBJ.dll
0x00007ffd88220000 - 0x00007ffd8822a000 	C:\WINDOWS\SYSTEM32\avrt.dll
0x00007ffd61bb0000 - 0x00007ffd61cdc000 	C:\WINDOWS\SYSTEM32\AUDIOSES.DLL
0x00007ffd883b0000 - 0x00007ffd884fd000 	C:\WINDOWS\SYSTEM32\wintypes.dll
0x00000000576d0000 - 0x00000000576e4000 	C:\Program Files\Java\jre1.8.0_191\bin\javafx_font.dll
0x00007ffd7ee20000 - 0x00007ffd7f13c000 	C:\WINDOWS\SYSTEM32\dwrite.dll
0x00007ffd8d620000 - 0x00007ffd8d648000 	C:\WINDOWS\SYSTEM32\USERENV.dll
0x00007ffd8ccc0000 - 0x00007ffd8ccf8000 	C:\WINDOWS\SYSTEM32\IPHLPAPI.DLL
0x00007ffd8ffc0000 - 0x00007ffd8ffc8000 	C:\WINDOWS\System32\NSI.dll
0x00007ffd88790000 - 0x00007ffd887a6000 	C:\WINDOWS\SYSTEM32\dhcpcsvc6.DLL
0x00007ffd87ff0000 - 0x00007ffd8800a000 	C:\WINDOWS\SYSTEM32\dhcpcsvc.DLL
0x00007ffd88580000 - 0x00007ffd8872e000 	C:\WINDOWS\SYSTEM32\WindowsCodecs.dll
0x00007ffd8ab40000 - 0x00007ffd8ae4b000 	C:\WINDOWS\system32\d3d11.dll
0x00007ffd8c490000 - 0x00007ffd8c54b000 	C:\WINDOWS\system32\dxgi.dll
0x00007ffd81e10000 - 0x00007ffd81ea6000 	C:\WINDOWS\System32\TextInputFramework.dll
0x00007ffd8a9e0000 - 0x00007ffd8aaba000 	C:\WINDOWS\System32\CoreMessaging.dll
0x00007ffd87900000 - 0x00007ffd87c1e000 	C:\WINDOWS\System32\CoreUIComponents.dll

VM Arguments:
jvm_args: -Dfile.encoding=MS874 
java_command: application.Main
java_class_path (initial): C:\Program Files\Java\jre1.8.0_191\lib\resources.jar;C:\Program Files\Java\jre1.8.0_191\lib\rt.jar;C:\Program Files\Java\jre1.8.0_191\lib\jsse.jar;C:\Program Files\Java\jre1.8.0_191\lib\jce.jar;C:\Program Files\Java\jre1.8.0_191\lib\charsets.jar;C:\Program Files\Java\jre1.8.0_191\lib\jfr.jar;C:\Program Files\Java\jre1.8.0_191\lib\ext\access-bridge-64.jar;C:\Program Files\Java\jre1.8.0_191\lib\ext\cldrdata.jar;C:\Program Files\Java\jre1.8.0_191\lib\ext\dnsns.jar;C:\Program Files\Java\jre1.8.0_191\lib\ext\jaccess.jar;C:\Program Files\Java\jre1.8.0_191\lib\ext\jfxrt.jar;C:\Program Files\Java\jre1.8.0_191\lib\ext\localedata.jar;C:\Program Files\Java\jre1.8.0_191\lib\ext\nashorn.jar;C:\Program Files\Java\jre1.8.0_191\lib\ext\sunec.jar;C:\Program Files\Java\jre1.8.0_191\lib\ext\sunjce_provider.jar;C:\Program Files\Java\jre1.8.0_191\lib\ext\sunmscapi.jar;C:\Program Files\Java\jre1.8.0_191\lib\ext\sunpkcs11.jar;C:\Program Files\Java\jre1.8.0_191\lib\ext\zipfs.jar;D:\Java Coding\project2018\bin;C:\Users\Smile\.p2\pool\plugins\org.eclipse.fx.ide.css.jfx8_3.0.0.201705220750.jar
Launcher Type: SUN_STANDARD

Environment Variables:
PATH=C:/Program Files/Java/jre1.8.0_191/bin/server;C:/Program Files/Java/jre1.8.0_191/bin;C:/Program Files/Java/jre1.8.0_191/lib/amd64;C:\Program Files (x86)\Common Files\Oracle\Java\javapath;C:\Windows\system32;C:\Windows;C:\Windows\System32\Wbem;C:\Windows\System32\WindowsPowerShell\v1.0\;C:\Program Files (x86)\NVIDIA Corporation\PhysX\Common;C:\WINDOWS\system32;C:\WINDOWS;C:\WINDOWS\System32\Wbem;C:\WINDOWS\System32\WindowsPowerShell\v1.0\;C:\WINDOWS\System32\OpenSSH\;C:\Users\Smile\AppData\Local\Microsoft\WindowsApps;;C:\WINDOWS\System32;
USERNAME=Smile
OS=Windows_NT
PROCESSOR_IDENTIFIER=Intel64 Family 6 Model 158 Stepping 9, GenuineIntel



---------------  S Y S T E M  ---------------

OS: Windows 10.0 , 64 bit Build 17134 (10.0.17134.1)

CPU:total 4 (initial active 4) (4 cores per cpu, 1 threads per core) family 6 model 158 stepping 9, cmov, cx8, fxsr, mmx, sse, sse2, sse3, ssse3, sse4.1, sse4.2, popcnt, avx, avx2, aes, clmul, erms, 3dnowpref, lzcnt, tsc, tscinvbit, bmi1, bmi2, adx

Memory: 4k page, physical 8352968k(1087352k free), swap 33518792k(4k free)

vm_info: Java HotSpot(TM) 64-Bit Server VM (25.191-b12) for windows-amd64 JRE (1.8.0_191-b12), built on Oct  6 2018 09:29:03 by "java_re" with MS VC++ 10.0 (VS2010)

time: Sun Dec 09 17:10:37 2018
elapsed time: 14663 seconds (0d 4h 4m 23s)

